2021-12-20 00:29:17.077  INFO 1852 --- [main] ua.com.alevel.HibernateApplication       : Starting HibernateApplication using Java 17 on WIN-09APJTD4698 with PID 1852 (C:\Users\User\IdeaProjects\nix_9\module_3\target\classes started by User in C:\Users\User\IdeaProjects\nix_9\module_3)
2021-12-20 00:29:17.208  INFO 1852 --- [main] ua.com.alevel.HibernateApplication       : No active profile set, falling back to default profiles: default
2021-12-20 00:29:33.102  INFO 1852 --- [main] .s.d.r.c.RepositoryConfigurationDelegate : Bootstrapping Spring Data JPA repositories in DEFAULT mode.
2021-12-20 00:29:33.459  INFO 1852 --- [main] .s.d.r.c.RepositoryConfigurationDelegate : Finished Spring Data repository scanning in 242 ms. Found 0 JPA repository interfaces.
2021-12-20 00:29:39.838  INFO 1852 --- [main] o.s.b.w.embedded.tomcat.TomcatWebServer  : Tomcat initialized with port(s): 8080 (http)
2021-12-20 00:29:39.977  INFO 1852 --- [main] o.apache.catalina.core.StandardService   : Starting service [Tomcat]
2021-12-20 00:29:39.980  INFO 1852 --- [main] org.apache.catalina.core.StandardEngine  : Starting Servlet engine: [Apache Tomcat/9.0.55]
2021-12-20 00:29:40.865  INFO 1852 --- [main] o.a.c.c.C.[Tomcat].[localhost].[/]       : Initializing Spring embedded WebApplicationContext
2021-12-20 00:29:40.868  INFO 1852 --- [main] w.s.c.ServletWebServerApplicationContext : Root WebApplicationContext: initialization completed in 17443 ms
2021-12-20 00:29:43.007  INFO 1852 --- [main] org.hibernate.Version                    : HHH000412: Hibernate ORM core version 5.6.1.Final
2021-12-20 00:29:44.540  INFO 1852 --- [main] o.hibernate.annotations.common.Version   : HCANN000001: Hibernate Commons Annotations {5.1.2.Final}
2021-12-20 00:29:47.249  INFO 1852 --- [main] org.hibernate.dialect.Dialect            : HHH000400: Using dialect: org.hibernate.dialect.MySQL8Dialect
2021-12-20 00:29:59.106  INFO 1852 --- [main] o.h.e.t.j.p.i.JtaPlatformInitiator       : HHH000490: Using JtaPlatform implementation: [org.hibernate.engine.transaction.jta.platform.internal.NoJtaPlatform]
2021-12-20 00:29:59.252  INFO 1852 --- [main] org.hibernate.dialect.Dialect            : HHH000400: Using dialect: org.hibernate.dialect.MySQL8Dialect
2021-12-20 00:30:00.262  INFO 1852 --- [main] o.h.e.t.j.p.i.JtaPlatformInitiator       : HHH000490: Using JtaPlatform implementation: [org.hibernate.engine.transaction.jta.platform.internal.NoJtaPlatform]
2021-12-20 00:30:21.553  INFO 1852 --- [main] o.s.b.w.embedded.tomcat.TomcatWebServer  : Tomcat started on port(s): 8080 (http) with context path ''
2021-12-20 00:30:21.635  INFO 1852 --- [main] ua.com.alevel.HibernateApplication       : Started HibernateApplication in 69.735 seconds (JVM running for 76.344)
2021-12-20 00:30:26.208  INFO 1852 --- [http-nio-8080-exec-1] o.a.c.c.C.[Tomcat].[localhost].[/]       : Initializing Spring DispatcherServlet 'dispatcherServlet'
2021-12-20 00:30:26.210  INFO 1852 --- [http-nio-8080-exec-1] o.s.web.servlet.DispatcherServlet        : Initializing Servlet 'dispatcherServlet'
2021-12-20 00:30:26.216  INFO 1852 --- [http-nio-8080-exec-1] o.s.web.servlet.DispatcherServlet        : Completed initialization in 5 ms
2021-12-20 00:31:09.288  INFO 1852 --- [http-nio-8080-exec-9] u.c.a.service.impl.OperationServiceImpl  : Operation created : id = 1 name = for anal sex
 value = 10000 category = INCOME created = 2021-12-20 00:31:08.1725127 accountId = 2
2021-12-20 00:36:10.599  INFO 2416 --- [main] ua.com.alevel.HibernateApplication       : Starting HibernateApplication using Java 17 on WIN-09APJTD4698 with PID 2416 (C:\Users\User\IdeaProjects\nix_9\module_3\target\classes started by User in C:\Users\User\IdeaProjects\nix_9\module_3)
2021-12-20 00:36:10.637  INFO 2416 --- [main] ua.com.alevel.HibernateApplication       : No active profile set, falling back to default profiles: default
2021-12-20 00:36:17.652  INFO 2416 --- [main] .s.d.r.c.RepositoryConfigurationDelegate : Bootstrapping Spring Data JPA repositories in DEFAULT mode.
2021-12-20 00:36:17.817  INFO 2416 --- [main] .s.d.r.c.RepositoryConfigurationDelegate : Finished Spring Data repository scanning in 112 ms. Found 0 JPA repository interfaces.
2021-12-20 00:36:21.481  INFO 2416 --- [main] o.s.b.w.embedded.tomcat.TomcatWebServer  : Tomcat initialized with port(s): 8080 (http)
2021-12-20 00:36:21.537  INFO 2416 --- [main] o.apache.catalina.core.StandardService   : Starting service [Tomcat]
2021-12-20 00:36:21.540  INFO 2416 --- [main] org.apache.catalina.core.StandardEngine  : Starting Servlet engine: [Apache Tomcat/9.0.55]
2021-12-20 00:36:22.159  INFO 2416 --- [main] o.a.c.c.C.[Tomcat].[localhost].[/]       : Initializing Spring embedded WebApplicationContext
2021-12-20 00:36:22.161  INFO 2416 --- [main] w.s.c.ServletWebServerApplicationContext : Root WebApplicationContext: initialization completed in 8575 ms
2021-12-20 00:36:23.315  INFO 2416 --- [main] org.hibernate.Version                    : HHH000412: Hibernate ORM core version 5.6.1.Final
2021-12-20 00:36:24.247  INFO 2416 --- [main] o.hibernate.annotations.common.Version   : HCANN000001: Hibernate Commons Annotations {5.1.2.Final}
2021-12-20 00:36:25.820  INFO 2416 --- [main] org.hibernate.dialect.Dialect            : HHH000400: Using dialect: org.hibernate.dialect.MySQL8Dialect
2021-12-20 00:36:29.881  INFO 2416 --- [main] o.h.e.t.j.p.i.JtaPlatformInitiator       : HHH000490: Using JtaPlatform implementation: [org.hibernate.engine.transaction.jta.platform.internal.NoJtaPlatform]
2021-12-20 00:36:29.971  INFO 2416 --- [main] org.hibernate.dialect.Dialect            : HHH000400: Using dialect: org.hibernate.dialect.MySQL8Dialect
2021-12-20 00:36:30.883  INFO 2416 --- [main] o.h.e.t.j.p.i.JtaPlatformInitiator       : HHH000490: Using JtaPlatform implementation: [org.hibernate.engine.transaction.jta.platform.internal.NoJtaPlatform]
2021-12-20 00:36:35.055  INFO 2416 --- [main] o.s.b.w.embedded.tomcat.TomcatWebServer  : Tomcat started on port(s): 8080 (http) with context path ''
2021-12-20 00:36:35.110  INFO 2416 --- [main] ua.com.alevel.HibernateApplication       : Started HibernateApplication in 30.35 seconds (JVM running for 37.53)
2021-12-20 00:37:59.560  INFO 2416 --- [http-nio-8080-exec-1] o.a.c.c.C.[Tomcat].[localhost].[/]       : Initializing Spring DispatcherServlet 'dispatcherServlet'
2021-12-20 00:37:59.564  INFO 2416 --- [http-nio-8080-exec-1] o.s.web.servlet.DispatcherServlet        : Initializing Servlet 'dispatcherServlet'
2021-12-20 00:37:59.582  INFO 2416 --- [http-nio-8080-exec-1] o.s.web.servlet.DispatcherServlet        : Completed initialization in 16 ms
2021-12-20 00:41:14.057  INFO 4976 --- [main] ua.com.alevel.HibernateApplication       : Starting HibernateApplication using Java 17 on WIN-09APJTD4698 with PID 4976 (C:\Users\User\IdeaProjects\nix_9\module_3\target\classes started by User in C:\Users\User\IdeaProjects\nix_9\module_3)
2021-12-20 00:41:14.089  INFO 4976 --- [main] ua.com.alevel.HibernateApplication       : No active profile set, falling back to default profiles: default
2021-12-20 00:41:26.267  INFO 4976 --- [main] .s.d.r.c.RepositoryConfigurationDelegate : Bootstrapping Spring Data JPA repositories in DEFAULT mode.
2021-12-20 00:41:26.504  INFO 4976 --- [main] .s.d.r.c.RepositoryConfigurationDelegate : Finished Spring Data repository scanning in 147 ms. Found 0 JPA repository interfaces.
2021-12-20 00:41:30.832  INFO 4976 --- [main] o.s.b.w.embedded.tomcat.TomcatWebServer  : Tomcat initialized with port(s): 8080 (http)
2021-12-20 00:41:30.929  INFO 4976 --- [main] o.apache.catalina.core.StandardService   : Starting service [Tomcat]
2021-12-20 00:41:30.931  INFO 4976 --- [main] org.apache.catalina.core.StandardEngine  : Starting Servlet engine: [Apache Tomcat/9.0.55]
2021-12-20 00:41:31.645  INFO 4976 --- [main] o.a.c.c.C.[Tomcat].[localhost].[/]       : Initializing Spring embedded WebApplicationContext
2021-12-20 00:41:31.647  INFO 4976 --- [main] w.s.c.ServletWebServerApplicationContext : Root WebApplicationContext: initialization completed in 11329 ms
2021-12-20 00:41:34.697  INFO 4976 --- [main] org.hibernate.Version                    : HHH000412: Hibernate ORM core version 5.6.1.Final
2021-12-20 00:41:36.476  INFO 4976 --- [main] o.hibernate.annotations.common.Version   : HCANN000001: Hibernate Commons Annotations {5.1.2.Final}
2021-12-20 00:41:38.788  INFO 4976 --- [main] org.hibernate.dialect.Dialect            : HHH000400: Using dialect: org.hibernate.dialect.MySQL8Dialect
2021-12-20 00:41:44.062  INFO 4976 --- [main] o.h.e.t.j.p.i.JtaPlatformInitiator       : HHH000490: Using JtaPlatform implementation: [org.hibernate.engine.transaction.jta.platform.internal.NoJtaPlatform]
2021-12-20 00:41:44.208  INFO 4976 --- [main] org.hibernate.dialect.Dialect            : HHH000400: Using dialect: org.hibernate.dialect.MySQL8Dialect
2021-12-20 00:41:44.927  INFO 4976 --- [main] o.h.e.t.j.p.i.JtaPlatformInitiator       : HHH000490: Using JtaPlatform implementation: [org.hibernate.engine.transaction.jta.platform.internal.NoJtaPlatform]
2021-12-20 00:41:50.035  INFO 4976 --- [main] o.s.b.w.embedded.tomcat.TomcatWebServer  : Tomcat started on port(s): 8080 (http) with context path ''
2021-12-20 00:41:50.095  INFO 4976 --- [main] ua.com.alevel.HibernateApplication       : Started HibernateApplication in 45.868 seconds (JVM running for 54.406)
2021-12-20 00:44:19.162  INFO 4976 --- [http-nio-8080-exec-1] o.a.c.c.C.[Tomcat].[localhost].[/]       : Initializing Spring DispatcherServlet 'dispatcherServlet'
2021-12-20 00:44:19.163  INFO 4976 --- [http-nio-8080-exec-1] o.s.web.servlet.DispatcherServlet        : Initializing Servlet 'dispatcherServlet'
2021-12-20 00:44:19.168  INFO 4976 --- [http-nio-8080-exec-1] o.s.web.servlet.DispatcherServlet        : Completed initialization in 4 ms
2021-12-20 00:45:27.696  INFO 4976 --- [http-nio-8080-exec-5] u.c.a.service.impl.AccountServiceImpl    : Account created: id = 3 balance = 0 userId = 1
2021-12-20 00:59:42.493  INFO 6528 --- [main] ua.com.alevel.HibernateApplication       : Starting HibernateApplication using Java 17 on WIN-09APJTD4698 with PID 6528 (C:\Users\User\IdeaProjects\nix_9\module_3\target\classes started by User in C:\Users\User\IdeaProjects\nix_9\module_3)
2021-12-20 00:59:42.505  INFO 6528 --- [main] ua.com.alevel.HibernateApplication       : No active profile set, falling back to default profiles: default
2021-12-20 00:59:47.598  INFO 6528 --- [main] .s.d.r.c.RepositoryConfigurationDelegate : Bootstrapping Spring Data JPA repositories in DEFAULT mode.
2021-12-20 00:59:47.689  INFO 6528 --- [main] .s.d.r.c.RepositoryConfigurationDelegate : Finished Spring Data repository scanning in 62 ms. Found 0 JPA repository interfaces.
2021-12-20 00:59:49.951  INFO 6528 --- [main] o.s.b.w.embedded.tomcat.TomcatWebServer  : Tomcat initialized with port(s): 8080 (http)
2021-12-20 00:59:50.020  INFO 6528 --- [main] o.apache.catalina.core.StandardService   : Starting service [Tomcat]
2021-12-20 00:59:50.022  INFO 6528 --- [main] org.apache.catalina.core.StandardEngine  : Starting Servlet engine: [Apache Tomcat/9.0.55]
2021-12-20 00:59:50.429  INFO 6528 --- [main] o.a.c.c.C.[Tomcat].[localhost].[/]       : Initializing Spring embedded WebApplicationContext
2021-12-20 00:59:50.430  INFO 6528 --- [main] w.s.c.ServletWebServerApplicationContext : Root WebApplicationContext: initialization completed in 6105 ms
2021-12-20 00:59:51.179  INFO 6528 --- [main] org.hibernate.Version                    : HHH000412: Hibernate ORM core version 5.6.1.Final
2021-12-20 00:59:52.051  INFO 6528 --- [main] o.hibernate.annotations.common.Version   : HCANN000001: Hibernate Commons Annotations {5.1.2.Final}
2021-12-20 00:59:53.056  INFO 6528 --- [main] org.hibernate.dialect.Dialect            : HHH000400: Using dialect: org.hibernate.dialect.MySQL8Dialect
2021-12-20 00:59:55.853  INFO 6528 --- [main] o.h.e.t.j.p.i.JtaPlatformInitiator       : HHH000490: Using JtaPlatform implementation: [org.hibernate.engine.transaction.jta.platform.internal.NoJtaPlatform]
2021-12-20 00:59:55.929  INFO 6528 --- [main] org.hibernate.dialect.Dialect            : HHH000400: Using dialect: org.hibernate.dialect.MySQL8Dialect
2021-12-20 00:59:56.430  INFO 6528 --- [main] o.h.e.t.j.p.i.JtaPlatformInitiator       : HHH000490: Using JtaPlatform implementation: [org.hibernate.engine.transaction.jta.platform.internal.NoJtaPlatform]
2021-12-20 00:59:59.237  INFO 6528 --- [main] o.s.b.w.embedded.tomcat.TomcatWebServer  : Tomcat started on port(s): 8080 (http) with context path ''
2021-12-20 00:59:59.265  INFO 6528 --- [main] ua.com.alevel.HibernateApplication       : Started HibernateApplication in 19.393 seconds (JVM running for 22.291)
2021-12-20 01:00:44.619  INFO 6528 --- [http-nio-8080-exec-1] o.a.c.c.C.[Tomcat].[localhost].[/]       : Initializing Spring DispatcherServlet 'dispatcherServlet'
2021-12-20 01:00:44.620  INFO 6528 --- [http-nio-8080-exec-1] o.s.web.servlet.DispatcherServlet        : Initializing Servlet 'dispatcherServlet'
2021-12-20 01:00:44.622  INFO 6528 --- [http-nio-8080-exec-1] o.s.web.servlet.DispatcherServlet        : Completed initialization in 2 ms
2021-12-20 01:07:00.519  INFO 7132 --- [main] ua.com.alevel.HibernateApplication       : Starting HibernateApplication using Java 17 on WIN-09APJTD4698 with PID 7132 (C:\Users\User\IdeaProjects\nix_9\module_3\target\classes started by User in C:\Users\User\IdeaProjects\nix_9\module_3)
2021-12-20 01:07:00.638  INFO 7132 --- [main] ua.com.alevel.HibernateApplication       : No active profile set, falling back to default profiles: default
2021-12-20 01:07:04.768  INFO 7132 --- [main] .s.d.r.c.RepositoryConfigurationDelegate : Bootstrapping Spring Data JPA repositories in DEFAULT mode.
2021-12-20 01:07:04.876  INFO 7132 --- [main] .s.d.r.c.RepositoryConfigurationDelegate : Finished Spring Data repository scanning in 74 ms. Found 0 JPA repository interfaces.
2021-12-20 01:07:06.861  INFO 7132 --- [main] o.s.b.w.embedded.tomcat.TomcatWebServer  : Tomcat initialized with port(s): 8080 (http)
2021-12-20 01:07:06.903  INFO 7132 --- [main] o.apache.catalina.core.StandardService   : Starting service [Tomcat]
2021-12-20 01:07:06.904  INFO 7132 --- [main] org.apache.catalina.core.StandardEngine  : Starting Servlet engine: [Apache Tomcat/9.0.55]
2021-12-20 01:07:07.357  INFO 7132 --- [main] o.a.c.c.C.[Tomcat].[localhost].[/]       : Initializing Spring embedded WebApplicationContext
2021-12-20 01:07:07.358  INFO 7132 --- [main] w.s.c.ServletWebServerApplicationContext : Root WebApplicationContext: initialization completed in 4969 ms
2021-12-20 01:07:07.970  INFO 7132 --- [main] org.hibernate.Version                    : HHH000412: Hibernate ORM core version 5.6.1.Final
2021-12-20 01:07:08.583  INFO 7132 --- [main] o.hibernate.annotations.common.Version   : HCANN000001: Hibernate Commons Annotations {5.1.2.Final}
2021-12-20 01:07:09.424  INFO 7132 --- [main] org.hibernate.dialect.Dialect            : HHH000400: Using dialect: org.hibernate.dialect.MySQL8Dialect
2021-12-20 01:07:11.803  INFO 7132 --- [main] o.h.e.t.j.p.i.JtaPlatformInitiator       : HHH000490: Using JtaPlatform implementation: [org.hibernate.engine.transaction.jta.platform.internal.NoJtaPlatform]
2021-12-20 01:07:11.858  INFO 7132 --- [main] org.hibernate.dialect.Dialect            : HHH000400: Using dialect: org.hibernate.dialect.MySQL8Dialect
2021-12-20 01:07:12.199  INFO 7132 --- [main] o.h.e.t.j.p.i.JtaPlatformInitiator       : HHH000490: Using JtaPlatform implementation: [org.hibernate.engine.transaction.jta.platform.internal.NoJtaPlatform]
2021-12-20 01:07:14.860  INFO 7132 --- [main] o.s.b.w.embedded.tomcat.TomcatWebServer  : Tomcat started on port(s): 8080 (http) with context path ''
2021-12-20 01:07:14.885  INFO 7132 --- [main] ua.com.alevel.HibernateApplication       : Started HibernateApplication in 16.36 seconds (JVM running for 18.182)
2021-12-20 01:07:50.580  INFO 7132 --- [http-nio-8080-exec-1] o.a.c.c.C.[Tomcat].[localhost].[/]       : Initializing Spring DispatcherServlet 'dispatcherServlet'
2021-12-20 01:07:50.580  INFO 7132 --- [http-nio-8080-exec-1] o.s.web.servlet.DispatcherServlet        : Initializing Servlet 'dispatcherServlet'
2021-12-20 01:07:50.585  INFO 7132 --- [http-nio-8080-exec-1] o.s.web.servlet.DispatcherServlet        : Completed initialization in 5 ms
2021-12-20 01:09:14.344  INFO 6772 --- [main] ua.com.alevel.HibernateApplication       : Starting HibernateApplication using Java 17 on WIN-09APJTD4698 with PID 6772 (C:\Users\User\IdeaProjects\nix_9\module_3\target\classes started by User in C:\Users\User\IdeaProjects\nix_9\module_3)
2021-12-20 01:09:14.352  INFO 6772 --- [main] ua.com.alevel.HibernateApplication       : No active profile set, falling back to default profiles: default
2021-12-20 01:09:17.168  INFO 6772 --- [main] .s.d.r.c.RepositoryConfigurationDelegate : Bootstrapping Spring Data JPA repositories in DEFAULT mode.
2021-12-20 01:09:17.272  INFO 6772 --- [main] .s.d.r.c.RepositoryConfigurationDelegate : Finished Spring Data repository scanning in 78 ms. Found 0 JPA repository interfaces.
2021-12-20 01:09:21.154  INFO 6772 --- [main] o.s.b.w.embedded.tomcat.TomcatWebServer  : Tomcat initialized with port(s): 8080 (http)
2021-12-20 01:09:21.192  INFO 6772 --- [main] o.apache.catalina.core.StandardService   : Starting service [Tomcat]
2021-12-20 01:09:21.193  INFO 6772 --- [main] org.apache.catalina.core.StandardEngine  : Starting Servlet engine: [Apache Tomcat/9.0.55]
2021-12-20 01:09:21.631  INFO 6772 --- [main] o.a.c.c.C.[Tomcat].[localhost].[/]       : Initializing Spring embedded WebApplicationContext
2021-12-20 01:09:21.632  INFO 6772 --- [main] w.s.c.ServletWebServerApplicationContext : Root WebApplicationContext: initialization completed in 6230 ms
2021-12-20 01:09:22.515  INFO 6772 --- [main] org.hibernate.Version                    : HHH000412: Hibernate ORM core version 5.6.1.Final
2021-12-20 01:09:23.352  INFO 6772 --- [main] o.hibernate.annotations.common.Version   : HCANN000001: Hibernate Commons Annotations {5.1.2.Final}
2021-12-20 01:09:24.257  INFO 6772 --- [main] org.hibernate.dialect.Dialect            : HHH000400: Using dialect: org.hibernate.dialect.MySQL8Dialect
2021-12-20 01:09:26.814  INFO 6772 --- [main] o.h.e.t.j.p.i.JtaPlatformInitiator       : HHH000490: Using JtaPlatform implementation: [org.hibernate.engine.transaction.jta.platform.internal.NoJtaPlatform]
2021-12-20 01:09:26.877  INFO 6772 --- [main] org.hibernate.dialect.Dialect            : HHH000400: Using dialect: org.hibernate.dialect.MySQL8Dialect
2021-12-20 01:09:27.607  INFO 6772 --- [main] o.h.e.t.j.p.i.JtaPlatformInitiator       : HHH000490: Using JtaPlatform implementation: [org.hibernate.engine.transaction.jta.platform.internal.NoJtaPlatform]
2021-12-20 01:09:30.397  INFO 6772 --- [main] o.s.b.w.embedded.tomcat.TomcatWebServer  : Tomcat started on port(s): 8080 (http) with context path ''
2021-12-20 01:09:30.434  INFO 6772 --- [main] ua.com.alevel.HibernateApplication       : Started HibernateApplication in 18.01 seconds (JVM running for 19.868)
2021-12-20 01:10:02.391  INFO 6772 --- [http-nio-8080-exec-1] o.a.c.c.C.[Tomcat].[localhost].[/]       : Initializing Spring DispatcherServlet 'dispatcherServlet'
2021-12-20 01:10:02.391  INFO 6772 --- [http-nio-8080-exec-1] o.s.web.servlet.DispatcherServlet        : Initializing Servlet 'dispatcherServlet'
2021-12-20 01:10:02.394  INFO 6772 --- [http-nio-8080-exec-1] o.s.web.servlet.DispatcherServlet        : Completed initialization in 2 ms
2021-12-20 01:11:10.843  INFO 5596 --- [main] ua.com.alevel.HibernateApplication       : Starting HibernateApplication using Java 17 on WIN-09APJTD4698 with PID 5596 (C:\Users\User\IdeaProjects\nix_9\module_3\target\classes started by User in C:\Users\User\IdeaProjects\nix_9\module_3)
2021-12-20 01:11:10.865  INFO 5596 --- [main] ua.com.alevel.HibernateApplication       : No active profile set, falling back to default profiles: default
2021-12-20 01:11:14.379  INFO 5596 --- [main] .s.d.r.c.RepositoryConfigurationDelegate : Bootstrapping Spring Data JPA repositories in DEFAULT mode.
2021-12-20 01:11:14.486  INFO 5596 --- [main] .s.d.r.c.RepositoryConfigurationDelegate : Finished Spring Data repository scanning in 71 ms. Found 0 JPA repository interfaces.
2021-12-20 01:11:16.784  INFO 5596 --- [main] o.s.b.w.embedded.tomcat.TomcatWebServer  : Tomcat initialized with port(s): 8080 (http)
2021-12-20 01:11:16.818  INFO 5596 --- [main] o.apache.catalina.core.StandardService   : Starting service [Tomcat]
2021-12-20 01:11:16.819  INFO 5596 --- [main] org.apache.catalina.core.StandardEngine  : Starting Servlet engine: [Apache Tomcat/9.0.55]
2021-12-20 01:11:17.201  INFO 5596 --- [main] o.a.c.c.C.[Tomcat].[localhost].[/]       : Initializing Spring embedded WebApplicationContext
2021-12-20 01:11:17.202  INFO 5596 --- [main] w.s.c.ServletWebServerApplicationContext : Root WebApplicationContext: initialization completed in 5051 ms
2021-12-20 01:11:17.825  INFO 5596 --- [main] org.hibernate.Version                    : HHH000412: Hibernate ORM core version 5.6.1.Final
2021-12-20 01:11:18.444  INFO 5596 --- [main] o.hibernate.annotations.common.Version   : HCANN000001: Hibernate Commons Annotations {5.1.2.Final}
2021-12-20 01:11:19.390  INFO 5596 --- [main] org.hibernate.dialect.Dialect            : HHH000400: Using dialect: org.hibernate.dialect.MySQL8Dialect
2021-12-20 01:11:21.960  INFO 5596 --- [main] o.h.e.t.j.p.i.JtaPlatformInitiator       : HHH000490: Using JtaPlatform implementation: [org.hibernate.engine.transaction.jta.platform.internal.NoJtaPlatform]
2021-12-20 01:11:22.016  INFO 5596 --- [main] org.hibernate.dialect.Dialect            : HHH000400: Using dialect: org.hibernate.dialect.MySQL8Dialect
2021-12-20 01:11:22.457  INFO 5596 --- [main] o.h.e.t.j.p.i.JtaPlatformInitiator       : HHH000490: Using JtaPlatform implementation: [org.hibernate.engine.transaction.jta.platform.internal.NoJtaPlatform]
2021-12-20 01:11:25.060  INFO 5596 --- [main] o.s.b.w.embedded.tomcat.TomcatWebServer  : Tomcat started on port(s): 8080 (http) with context path ''
2021-12-20 01:11:25.109  INFO 5596 --- [main] ua.com.alevel.HibernateApplication       : Started HibernateApplication in 16.711 seconds (JVM running for 19.534)
2021-12-20 01:11:48.601  INFO 5596 --- [http-nio-8080-exec-1] o.a.c.c.C.[Tomcat].[localhost].[/]       : Initializing Spring DispatcherServlet 'dispatcherServlet'
2021-12-20 01:11:48.602  INFO 5596 --- [http-nio-8080-exec-1] o.s.web.servlet.DispatcherServlet        : Initializing Servlet 'dispatcherServlet'
2021-12-20 01:11:48.605  INFO 5596 --- [http-nio-8080-exec-1] o.s.web.servlet.DispatcherServlet        : Completed initialization in 3 ms
